<?xml version="1.0" encoding="UTF-8"?>
<testsuite name="vn.inventoryai.insight.InventoryInsightServiceTest" tests="4" skipped="0" failures="0" errors="0" timestamp="2026-07-12T18:57:22.160Z" hostname="bibabibo-2.local" time="0.898">
  <properties/>
  <testcase name="flagsExpiringSoonBatch()" classname="vn.inventoryai.insight.InventoryInsightServiceTest" time="0.873"/>
  <testcase name="flagsOverstockWithoutOrderingMore()" classname="vn.inventoryai.insight.InventoryInsightServiceTest" time="0.011"/>
  <testcase name="handlesInsufficientHistoryWithoutWeekdayAdjustment()" classname="vn.inventoryai.insight.InventoryInsightServiceTest" time="0.003"/>
  <testcase name="flagsLowStockAndRecommendsOrderQuantity()" classname="vn.inventoryai.insight.InventoryInsightServiceTest" time="0.01"/>
  <system-out><![CDATA[]]></system-out>
  <system-err><![CDATA[WARNING: A Java agent has been loaded dynamically (/Users/hoangluong/.gradle/caches/modules-2/files-2.1/net.bytebuddy/byte-buddy-agent/1.14.19/154da3a65b4f4a909d3e5bdec55d1b2b4cbb6ce1/byte-buddy-agent-1.14.19.jar)
WARNING: If a serviceability tool is in use, please run with -XX:+EnableDynamicAgentLoading to hide this warning
WARNING: If a serviceability tool is not in use, please run with -Djdk.instrument.traceUsage for more information
WARNING: Dynamic loading of agents will be disallowed by default in a future release
]]></system-err>
</testsuite>
