<?xml version="1.0" encoding="UTF-8"?>
<testsuite name="vn.inventoryai.staff.StaffInvitationServiceTest" tests="5" skipped="0" failures="0" errors="0" timestamp="2026-07-12T18:57:23.069Z" hostname="bibabibo-2.local" time="0.297">
  <properties/>
  <testcase name="managerCannotInviteManager()" classname="vn.inventoryai.staff.StaffInvitationServiceTest" time="0.279"/>
  <testcase name="acceptInvitationRejectsReusedToken()" classname="vn.inventoryai.staff.StaffInvitationServiceTest" time="0.006"/>
  <testcase name="verifyInvitationReturnsExpiredStatus()" classname="vn.inventoryai.staff.StaffInvitationServiceTest" time="0.003"/>
  <testcase name="acceptInvitationRejectsInvalidToken()" classname="vn.inventoryai.staff.StaffInvitationServiceTest" time="0.003"/>
  <testcase name="acceptInvitationRejectsExpiredToken()" classname="vn.inventoryai.staff.StaffInvitationServiceTest" time="0.003"/>
  <system-out><![CDATA[]]></system-out>
  <system-err><![CDATA[]]></system-err>
</testsuite>
